  Building Custom Rule C:/dev/3rdParty/Xerces/3.2.2/samples/CMakeLists.txt
  PSVIWriter.cpp
C:\dev\3rdParty\Xerces\3.2.2\samples\src\PSVIWriter\PSVIWriter.cpp(263,6): warning C4996: 'strcpy': This function or variable may be unsafe. Consider using strcpy_s instead. To disable deprecation, use _CRT_SECURE_NO_WARNINGS. See online help for details.
C:\dev\3rdParty\Xerces\3.2.2\samples\src\PSVIWriter\PSVIWriter.cpp(265,7): warning C4996: 'strcat': This function or variable may be unsafe. Consider using strcat_s instead. To disable deprecation, use _CRT_SECURE_NO_WARNINGS. See online help for details.
C:\dev\3rdParty\Xerces\3.2.2\samples\src\PSVIWriter\PSVIWriter.cpp(268,29): warning C4996: 'strcat': This function or variable may be unsafe. Consider using strcat_s instead. To disable deprecation, use _CRT_SECURE_NO_WARNINGS. See online help for details.
  PSVIWriterHandlers.cpp
C:\dev\3rdParty\Xerces\3.2.2\samples\src\PSVIWriter\PSVIWriterHandlers.cpp(1660,5): warning C4996: 'sprintf': This function or variable may be unsafe. Consider using sprintf_s instead. To disable deprecation, use _CRT_SECURE_NO_WARNINGS. See online help for details.
C:\dev\3rdParty\Xerces\3.2.2\samples\src\PSVIWriter\PSVIWriterHandlers.cpp(1705,17): warning C4996: 'sprintf': This function or variable may be unsafe. Consider using sprintf_s instead. To disable deprecation, use _CRT_SECURE_NO_WARNINGS. See online help for details.
C:\dev\3rdParty\Xerces\3.2.2\samples\src\PSVIWriter\PSVIWriterHandlers.cpp(1714,17): warning C4996: 'sprintf': This function or variable may be unsafe. Consider using sprintf_s instead. To disable deprecation, use _CRT_SECURE_NO_WARNINGS. See online help for details.
C:\dev\3rdParty\Xerces\3.2.2\samples\src\PSVIWriter\PSVIWriterHandlers.cpp(1723,17): warning C4996: 'sprintf': This function or variable may be unsafe. Consider using sprintf_s instead. To disable deprecation, use _CRT_SECURE_NO_WARNINGS. See online help for details.
C:\dev\3rdParty\Xerces\3.2.2\samples\src\PSVIWriter\PSVIWriterHandlers.cpp(1799,17): warning C4996: 'sprintf': This function or variable may be unsafe. Consider using sprintf_s instead. To disable deprecation, use _CRT_SECURE_NO_WARNINGS. See online help for details.
C:\dev\3rdParty\Xerces\3.2.2\samples\src\PSVIWriter\PSVIWriterHandlers.cpp(1808,17): warning C4996: 'sprintf': This function or variable may be unsafe. Consider using sprintf_s instead. To disable deprecation, use _CRT_SECURE_NO_WARNINGS. See online help for details.
C:\dev\3rdParty\Xerces\3.2.2\samples\src\PSVIWriter\PSVIWriterHandlers.cpp(1817,17): warning C4996: 'sprintf': This function or variable may be unsafe. Consider using sprintf_s instead. To disable deprecation, use _CRT_SECURE_NO_WARNINGS. See online help for details.
C:\dev\3rdParty\Xerces\3.2.2\samples\src\PSVIWriter\PSVIWriterHandlers.cpp(1826,17): warning C4996: 'sprintf': This function or variable may be unsafe. Consider using sprintf_s instead. To disable deprecation, use _CRT_SECURE_NO_WARNINGS. See online help for details.
C:\dev\3rdParty\Xerces\3.2.2\samples\src\PSVIWriter\PSVIWriterHandlers.cpp(1835,17): warning C4996: 'sprintf': This function or variable may be unsafe. Consider using sprintf_s instead. To disable deprecation, use _CRT_SECURE_NO_WARNINGS. See online help for details.
C:\dev\3rdParty\Xerces\3.2.2\samples\src\PSVIWriter\PSVIWriterHandlers.cpp(1844,17): warning C4996: 'sprintf': This function or variable may be unsafe. Consider using sprintf_s instead. To disable deprecation, use _CRT_SECURE_NO_WARNINGS. See online help for details.
C:\dev\3rdParty\Xerces\3.2.2\samples\src\PSVIWriter\PSVIWriterHandlers.cpp(1853,17): warning C4996: 'sprintf': This function or variable may be unsafe. Consider using sprintf_s instead. To disable deprecation, use _CRT_SECURE_NO_WARNINGS. See online help for details.
C:\dev\3rdParty\Xerces\3.2.2\samples\src\PSVIWriter\PSVIWriterHandlers.cpp(1862,17): warning C4996: 'sprintf': This function or variable may be unsafe. Consider using sprintf_s instead. To disable deprecation, use _CRT_SECURE_NO_WARNINGS. See online help for details.
C:\dev\3rdParty\Xerces\3.2.2\samples\src\PSVIWriter\PSVIWriterHandlers.cpp(1871,17): warning C4996: 'sprintf': This function or variable may be unsafe. Consider using sprintf_s instead. To disable deprecation, use _CRT_SECURE_NO_WARNINGS. See online help for details.
C:\dev\3rdParty\Xerces\3.2.2\samples\src\PSVIWriter\PSVIWriterHandlers.cpp(1880,17): warning C4996: 'sprintf': This function or variable may be unsafe. Consider using sprintf_s instead. To disable deprecation, use _CRT_SECURE_NO_WARNINGS. See online help for details.
C:\dev\3rdParty\Xerces\3.2.2\samples\src\PSVIWriter\PSVIWriterHandlers.cpp(1889,17): warning C4996: 'sprintf': This function or variable may be unsafe. Consider using sprintf_s instead. To disable deprecation, use _CRT_SECURE_NO_WARNINGS. See online help for details.
C:\dev\3rdParty\Xerces\3.2.2\samples\src\PSVIWriter\PSVIWriterHandlers.cpp(1898,17): warning C4996: 'sprintf': This function or variable may be unsafe. Consider using sprintf_s instead. To disable deprecation, use _CRT_SECURE_NO_WARNINGS. See online help for details.
C:\dev\3rdParty\Xerces\3.2.2\samples\src\PSVIWriter\PSVIWriterHandlers.cpp(1907,17): warning C4996: 'sprintf': This function or variable may be unsafe. Consider using sprintf_s instead. To disable deprecation, use _CRT_SECURE_NO_WARNINGS. See online help for details.
  Generating Code...
  PSVIWriter.vcxproj -> C:\dev\3rdParty\Xerces\3.2.2\Build\VS17\samples\Debug\PSVIWriter.exe
