  Building Custom Rule C:/dev/3rdParty/Xerces/3.2.2/samples/CMakeLists.txt
  PSVIWriter.cpp
C:\dev\3rdParty\Xerces\3.2.2\samples\src\PSVIWriter\PSVIWriter.cpp(263): warning C4996: 'strcpy': This function or variable may be unsafe. Consider using strcpy_s instead. To disable deprecation, use _CRT_SECURE_NO_WARNINGS. See online help for details.
  C:\Program Files (x86)\Windows Kits\10\Include\10.0.17763.0\ucrt\string.h(133): note: see declaration of 'strcpy'
C:\dev\3rdParty\Xerces\3.2.2\samples\src\PSVIWriter\PSVIWriter.cpp(265): warning C4996: 'strcat': This function or variable may be unsafe. Consider using strcat_s instead. To disable deprecation, use _CRT_SECURE_NO_WARNINGS. See online help for details.
  C:\Program Files (x86)\Windows Kits\10\Include\10.0.17763.0\ucrt\string.h(90): note: see declaration of 'strcat'
C:\dev\3rdParty\Xerces\3.2.2\samples\src\PSVIWriter\PSVIWriter.cpp(268): warning C4996: 'strcat': This function or variable may be unsafe. Consider using strcat_s instead. To disable deprecation, use _CRT_SECURE_NO_WARNINGS. See online help for details.
  C:\Program Files (x86)\Windows Kits\10\Include\10.0.17763.0\ucrt\string.h(90): note: see declaration of 'strcat'
  PSVIWriterHandlers.cpp
C:\dev\3rdParty\Xerces\3.2.2\samples\src\PSVIWriter\PSVIWriterHandlers.cpp(1660): warning C4996: 'sprintf': This function or variable may be unsafe. Consider using sprintf_s instead. To disable deprecation, use _CRT_SECURE_NO_WARNINGS. See online help for details.
  C:\Program Files (x86)\Windows Kits\10\Include\10.0.17763.0\ucrt\stdio.h(1774): note: see declaration of 'sprintf'
C:\dev\3rdParty\Xerces\3.2.2\samples\src\PSVIWriter\PSVIWriterHandlers.cpp(1705): warning C4996: 'sprintf': This function or variable may be unsafe. Consider using sprintf_s instead. To disable deprecation, use _CRT_SECURE_NO_WARNINGS. See online help for details.
  C:\Program Files (x86)\Windows Kits\10\Include\10.0.17763.0\ucrt\stdio.h(1774): note: see declaration of 'sprintf'
C:\dev\3rdParty\Xerces\3.2.2\samples\src\PSVIWriter\PSVIWriterHandlers.cpp(1714): warning C4996: 'sprintf': This function or variable may be unsafe. Consider using sprintf_s instead. To disable deprecation, use _CRT_SECURE_NO_WARNINGS. See online help for details.
  C:\Program Files (x86)\Windows Kits\10\Include\10.0.17763.0\ucrt\stdio.h(1774): note: see declaration of 'sprintf'
C:\dev\3rdParty\Xerces\3.2.2\samples\src\PSVIWriter\PSVIWriterHandlers.cpp(1723): warning C4996: 'sprintf': This function or variable may be unsafe. Consider using sprintf_s instead. To disable deprecation, use _CRT_SECURE_NO_WARNINGS. See online help for details.
  C:\Program Files (x86)\Windows Kits\10\Include\10.0.17763.0\ucrt\stdio.h(1774): note: see declaration of 'sprintf'
C:\dev\3rdParty\Xerces\3.2.2\samples\src\PSVIWriter\PSVIWriterHandlers.cpp(1799): warning C4996: 'sprintf': This function or variable may be unsafe. Consider using sprintf_s instead. To disable deprecation, use _CRT_SECURE_NO_WARNINGS. See online help for details.
  C:\Program Files (x86)\Windows Kits\10\Include\10.0.17763.0\ucrt\stdio.h(1774): note: see declaration of 'sprintf'
C:\dev\3rdParty\Xerces\3.2.2\samples\src\PSVIWriter\PSVIWriterHandlers.cpp(1808): warning C4996: 'sprintf': This function or variable may be unsafe. Consider using sprintf_s instead. To disable deprecation, use _CRT_SECURE_NO_WARNINGS. See online help for details.
  C:\Program Files (x86)\Windows Kits\10\Include\10.0.17763.0\ucrt\stdio.h(1774): note: see declaration of 'sprintf'
C:\dev\3rdParty\Xerces\3.2.2\samples\src\PSVIWriter\PSVIWriterHandlers.cpp(1817): warning C4996: 'sprintf': This function or variable may be unsafe. Consider using sprintf_s instead. To disable deprecation, use _CRT_SECURE_NO_WARNINGS. See online help for details.
  C:\Program Files (x86)\Windows Kits\10\Include\10.0.17763.0\ucrt\stdio.h(1774): note: see declaration of 'sprintf'
C:\dev\3rdParty\Xerces\3.2.2\samples\src\PSVIWriter\PSVIWriterHandlers.cpp(1826): warning C4996: 'sprintf': This function or variable may be unsafe. Consider using sprintf_s instead. To disable deprecation, use _CRT_SECURE_NO_WARNINGS. See online help for details.
  C:\Program Files (x86)\Windows Kits\10\Include\10.0.17763.0\ucrt\stdio.h(1774): note: see declaration of 'sprintf'
C:\dev\3rdParty\Xerces\3.2.2\samples\src\PSVIWriter\PSVIWriterHandlers.cpp(1835): warning C4996: 'sprintf': This function or variable may be unsafe. Consider using sprintf_s instead. To disable deprecation, use _CRT_SECURE_NO_WARNINGS. See online help for details.
  C:\Program Files (x86)\Windows Kits\10\Include\10.0.17763.0\ucrt\stdio.h(1774): note: see declaration of 'sprintf'
C:\dev\3rdParty\Xerces\3.2.2\samples\src\PSVIWriter\PSVIWriterHandlers.cpp(1844): warning C4996: 'sprintf': This function or variable may be unsafe. Consider using sprintf_s instead. To disable deprecation, use _CRT_SECURE_NO_WARNINGS. See online help for details.
  C:\Program Files (x86)\Windows Kits\10\Include\10.0.17763.0\ucrt\stdio.h(1774): note: see declaration of 'sprintf'
C:\dev\3rdParty\Xerces\3.2.2\samples\src\PSVIWriter\PSVIWriterHandlers.cpp(1853): warning C4996: 'sprintf': This function or variable may be unsafe. Consider using sprintf_s instead. To disable deprecation, use _CRT_SECURE_NO_WARNINGS. See online help for details.
  C:\Program Files (x86)\Windows Kits\10\Include\10.0.17763.0\ucrt\stdio.h(1774): note: see declaration of 'sprintf'
C:\dev\3rdParty\Xerces\3.2.2\samples\src\PSVIWriter\PSVIWriterHandlers.cpp(1862): warning C4996: 'sprintf': This function or variable may be unsafe. Consider using sprintf_s instead. To disable deprecation, use _CRT_SECURE_NO_WARNINGS. See online help for details.
  C:\Program Files (x86)\Windows Kits\10\Include\10.0.17763.0\ucrt\stdio.h(1774): note: see declaration of 'sprintf'
C:\dev\3rdParty\Xerces\3.2.2\samples\src\PSVIWriter\PSVIWriterHandlers.cpp(1871): warning C4996: 'sprintf': This function or variable may be unsafe. Consider using sprintf_s instead. To disable deprecation, use _CRT_SECURE_NO_WARNINGS. See online help for details.
  C:\Program Files (x86)\Windows Kits\10\Include\10.0.17763.0\ucrt\stdio.h(1774): note: see declaration of 'sprintf'
C:\dev\3rdParty\Xerces\3.2.2\samples\src\PSVIWriter\PSVIWriterHandlers.cpp(1880): warning C4996: 'sprintf': This function or variable may be unsafe. Consider using sprintf_s instead. To disable deprecation, use _CRT_SECURE_NO_WARNINGS. See online help for details.
  C:\Program Files (x86)\Windows Kits\10\Include\10.0.17763.0\ucrt\stdio.h(1774): note: see declaration of 'sprintf'
C:\dev\3rdParty\Xerces\3.2.2\samples\src\PSVIWriter\PSVIWriterHandlers.cpp(1889): warning C4996: 'sprintf': This function or variable may be unsafe. Consider using sprintf_s instead. To disable deprecation, use _CRT_SECURE_NO_WARNINGS. See online help for details.
  C:\Program Files (x86)\Windows Kits\10\Include\10.0.17763.0\ucrt\stdio.h(1774): note: see declaration of 'sprintf'
C:\dev\3rdParty\Xerces\3.2.2\samples\src\PSVIWriter\PSVIWriterHandlers.cpp(1898): warning C4996: 'sprintf': This function or variable may be unsafe. Consider using sprintf_s instead. To disable deprecation, use _CRT_SECURE_NO_WARNINGS. See online help for details.
  C:\Program Files (x86)\Windows Kits\10\Include\10.0.17763.0\ucrt\stdio.h(1774): note: see declaration of 'sprintf'
C:\dev\3rdParty\Xerces\3.2.2\samples\src\PSVIWriter\PSVIWriterHandlers.cpp(1907): warning C4996: 'sprintf': This function or variable may be unsafe. Consider using sprintf_s instead. To disable deprecation, use _CRT_SECURE_NO_WARNINGS. See online help for details.
  C:\Program Files (x86)\Windows Kits\10\Include\10.0.17763.0\ucrt\stdio.h(1774): note: see declaration of 'sprintf'
  Generating Code...
  PSVIWriter.vcxproj -> C:\dev\3rdParty\Xerces\3.2.2\Build\VS15\samples\Release\PSVIWriter.exe
