  Building Custom Rule C:/dev/3rdParty/Xerces/3.2.2/samples/CMakeLists.txt
  PSVIWriter.cpp
C:\dev\3rdParty\Xerces\3.2.2\samples\src\PSVIWriter\PSVIWriter.cpp(263,1): warning C4996: 'strcpy': This function or variable may be unsafe. Consider using strcpy_s instead. To disable deprecation, use _CRT_SECURE_NO_WARNINGS. See online help for details.
C:\Program Files (x86)\Windows Kits\10\Include\10.0.17763.0\ucrt\string.h(133): message : see declaration of 'strcpy'
C:\dev\3rdParty\Xerces\3.2.2\samples\src\PSVIWriter\PSVIWriter.cpp(265,1): warning C4996: 'strcat': This function or variable may be unsafe. Consider using strcat_s instead. To disable deprecation, use _CRT_SECURE_NO_WARNINGS. See online help for details.
C:\Program Files (x86)\Windows Kits\10\Include\10.0.17763.0\ucrt\string.h(90): message : see declaration of 'strcat'
C:\dev\3rdParty\Xerces\3.2.2\samples\src\PSVIWriter\PSVIWriter.cpp(268,1): warning C4996: 'strcat': This function or variable may be unsafe. Consider using strcat_s instead. To disable deprecation, use _CRT_SECURE_NO_WARNINGS. See online help for details.
C:\Program Files (x86)\Windows Kits\10\Include\10.0.17763.0\ucrt\string.h(90): message : see declaration of 'strcat'
  PSVIWriterHandlers.cpp
C:\dev\3rdParty\Xerces\3.2.2\samples\src\PSVIWriter\PSVIWriterHandlers.cpp(1660,1): warning C4996: 'sprintf': This function or variable may be unsafe. Consider using sprintf_s instead. To disable deprecation, use _CRT_SECURE_NO_WARNINGS. See online help for details.
C:\Program Files (x86)\Windows Kits\10\Include\10.0.17763.0\ucrt\stdio.h(1774): message : see declaration of 'sprintf'
C:\dev\3rdParty\Xerces\3.2.2\samples\src\PSVIWriter\PSVIWriterHandlers.cpp(1705,1): warning C4996: 'sprintf': This function or variable may be unsafe. Consider using sprintf_s instead. To disable deprecation, use _CRT_SECURE_NO_WARNINGS. See online help for details.
C:\Program Files (x86)\Windows Kits\10\Include\10.0.17763.0\ucrt\stdio.h(1774): message : see declaration of 'sprintf'
C:\dev\3rdParty\Xerces\3.2.2\samples\src\PSVIWriter\PSVIWriterHandlers.cpp(1714,1): warning C4996: 'sprintf': This function or variable may be unsafe. Consider using sprintf_s instead. To disable deprecation, use _CRT_SECURE_NO_WARNINGS. See online help for details.
C:\Program Files (x86)\Windows Kits\10\Include\10.0.17763.0\ucrt\stdio.h(1774): message : see declaration of 'sprintf'
C:\dev\3rdParty\Xerces\3.2.2\samples\src\PSVIWriter\PSVIWriterHandlers.cpp(1723,1): warning C4996: 'sprintf': This function or variable may be unsafe. Consider using sprintf_s instead. To disable deprecation, use _CRT_SECURE_NO_WARNINGS. See online help for details.
C:\Program Files (x86)\Windows Kits\10\Include\10.0.17763.0\ucrt\stdio.h(1774): message : see declaration of 'sprintf'
C:\dev\3rdParty\Xerces\3.2.2\samples\src\PSVIWriter\PSVIWriterHandlers.cpp(1799,1): warning C4996: 'sprintf': This function or variable may be unsafe. Consider using sprintf_s instead. To disable deprecation, use _CRT_SECURE_NO_WARNINGS. See online help for details.
C:\Program Files (x86)\Windows Kits\10\Include\10.0.17763.0\ucrt\stdio.h(1774): message : see declaration of 'sprintf'
C:\dev\3rdParty\Xerces\3.2.2\samples\src\PSVIWriter\PSVIWriterHandlers.cpp(1808,1): warning C4996: 'sprintf': This function or variable may be unsafe. Consider using sprintf_s instead. To disable deprecation, use _CRT_SECURE_NO_WARNINGS. See online help for details.
C:\Program Files (x86)\Windows Kits\10\Include\10.0.17763.0\ucrt\stdio.h(1774): message : see declaration of 'sprintf'
C:\dev\3rdParty\Xerces\3.2.2\samples\src\PSVIWriter\PSVIWriterHandlers.cpp(1817,1): warning C4996: 'sprintf': This function or variable may be unsafe. Consider using sprintf_s instead. To disable deprecation, use _CRT_SECURE_NO_WARNINGS. See online help for details.
C:\Program Files (x86)\Windows Kits\10\Include\10.0.17763.0\ucrt\stdio.h(1774): message : see declaration of 'sprintf'
C:\dev\3rdParty\Xerces\3.2.2\samples\src\PSVIWriter\PSVIWriterHandlers.cpp(1826,1): warning C4996: 'sprintf': This function or variable may be unsafe. Consider using sprintf_s instead. To disable deprecation, use _CRT_SECURE_NO_WARNINGS. See online help for details.
C:\Program Files (x86)\Windows Kits\10\Include\10.0.17763.0\ucrt\stdio.h(1774): message : see declaration of 'sprintf'
C:\dev\3rdParty\Xerces\3.2.2\samples\src\PSVIWriter\PSVIWriterHandlers.cpp(1835,1): warning C4996: 'sprintf': This function or variable may be unsafe. Consider using sprintf_s instead. To disable deprecation, use _CRT_SECURE_NO_WARNINGS. See online help for details.
C:\Program Files (x86)\Windows Kits\10\Include\10.0.17763.0\ucrt\stdio.h(1774): message : see declaration of 'sprintf'
C:\dev\3rdParty\Xerces\3.2.2\samples\src\PSVIWriter\PSVIWriterHandlers.cpp(1844,1): warning C4996: 'sprintf': This function or variable may be unsafe. Consider using sprintf_s instead. To disable deprecation, use _CRT_SECURE_NO_WARNINGS. See online help for details.
C:\Program Files (x86)\Windows Kits\10\Include\10.0.17763.0\ucrt\stdio.h(1774): message : see declaration of 'sprintf'
C:\dev\3rdParty\Xerces\3.2.2\samples\src\PSVIWriter\PSVIWriterHandlers.cpp(1853,1): warning C4996: 'sprintf': This function or variable may be unsafe. Consider using sprintf_s instead. To disable deprecation, use _CRT_SECURE_NO_WARNINGS. See online help for details.
C:\Program Files (x86)\Windows Kits\10\Include\10.0.17763.0\ucrt\stdio.h(1774): message : see declaration of 'sprintf'
C:\dev\3rdParty\Xerces\3.2.2\samples\src\PSVIWriter\PSVIWriterHandlers.cpp(1862,1): warning C4996: 'sprintf': This function or variable may be unsafe. Consider using sprintf_s instead. To disable deprecation, use _CRT_SECURE_NO_WARNINGS. See online help for details.
C:\Program Files (x86)\Windows Kits\10\Include\10.0.17763.0\ucrt\stdio.h(1774): message : see declaration of 'sprintf'
C:\dev\3rdParty\Xerces\3.2.2\samples\src\PSVIWriter\PSVIWriterHandlers.cpp(1871,1): warning C4996: 'sprintf': This function or variable may be unsafe. Consider using sprintf_s instead. To disable deprecation, use _CRT_SECURE_NO_WARNINGS. See online help for details.
C:\Program Files (x86)\Windows Kits\10\Include\10.0.17763.0\ucrt\stdio.h(1774): message : see declaration of 'sprintf'
C:\dev\3rdParty\Xerces\3.2.2\samples\src\PSVIWriter\PSVIWriterHandlers.cpp(1880,1): warning C4996: 'sprintf': This function or variable may be unsafe. Consider using sprintf_s instead. To disable deprecation, use _CRT_SECURE_NO_WARNINGS. See online help for details.
C:\Program Files (x86)\Windows Kits\10\Include\10.0.17763.0\ucrt\stdio.h(1774): message : see declaration of 'sprintf'
C:\dev\3rdParty\Xerces\3.2.2\samples\src\PSVIWriter\PSVIWriterHandlers.cpp(1889,1): warning C4996: 'sprintf': This function or variable may be unsafe. Consider using sprintf_s instead. To disable deprecation, use _CRT_SECURE_NO_WARNINGS. See online help for details.
C:\Program Files (x86)\Windows Kits\10\Include\10.0.17763.0\ucrt\stdio.h(1774): message : see declaration of 'sprintf'
C:\dev\3rdParty\Xerces\3.2.2\samples\src\PSVIWriter\PSVIWriterHandlers.cpp(1898,1): warning C4996: 'sprintf': This function or variable may be unsafe. Consider using sprintf_s instead. To disable deprecation, use _CRT_SECURE_NO_WARNINGS. See online help for details.
C:\Program Files (x86)\Windows Kits\10\Include\10.0.17763.0\ucrt\stdio.h(1774): message : see declaration of 'sprintf'
C:\dev\3rdParty\Xerces\3.2.2\samples\src\PSVIWriter\PSVIWriterHandlers.cpp(1907,1): warning C4996: 'sprintf': This function or variable may be unsafe. Consider using sprintf_s instead. To disable deprecation, use _CRT_SECURE_NO_WARNINGS. See online help for details.
C:\Program Files (x86)\Windows Kits\10\Include\10.0.17763.0\ucrt\stdio.h(1774): message : see declaration of 'sprintf'
  Generating Code...
  PSVIWriter.vcxproj -> C:\dev\3rdParty\Xerces\3.2.2\Build\VS16\samples\Debug\PSVIWriter.exe
